2025-12-20 08:19:51,373 - database.connection - ERROR - فشل إنشاء مجموعة الاتصالات: connection to server at "localhost" (::1), port 5432 failed: FATAL:  password authentication failed for user "billing_user"

2025-12-20 08:19:51,374 - __main__ - ERROR - خطأ في تشغيل البرنامج: connection to server at "localhost" (::1), port 5432 failed: FATAL:  password authentication failed for user "billing_user"

2025-12-20 08:29:02,511 - database.connection - ERROR - فشل إنشاء مجموعة الاتصالات: connection to server at "localhost" (::1), port 5432 failed: FATAL:  password authentication failed for user "postgres"

2025-12-20 08:29:02,512 - __main__ - ERROR - خطأ في تشغيل البرنامج: connection to server at "localhost" (::1), port 5432 failed: FATAL:  password authentication failed for user "postgres"

2025-12-20 08:29:49,427 - database.connection - INFO - تم إنشاء مجموعة اتصالات قاعدة البيانات بنجاح
2025-12-20 08:29:49,616 - database.models - INFO - تم إنشاء جميع الجداول بنجاح
2025-12-20 08:29:49,643 - __main__ - INFO - تم تهيئة قاعدة البيانات بنجاح
2025-12-20 08:29:49,652 - __main__ - ERROR - خطأ في تشغيل البرنامج: cannot import name 'LoginWindow' from 'ui.login_window' (C:\Users\وسام\Desktop\electricity_billing_system\ui\login_window.py)
2025-12-20 14:41:29,123 - database.connection - INFO - تم إنشاء مجموعة اتصالات قاعدة البيانات بنجاح
2025-12-20 14:41:29,147 - database.models - INFO - تم إنشاء جميع الجداول بنجاح
2025-12-20 14:41:29,177 - __main__ - INFO - تم تهيئة قاعدة البيانات بنجاح
2025-12-20 15:12:31,143 - __main__ - ERROR - خطأ في تشغيل البرنامج: No module named 'psycopg2'
2025-12-20 16:25:36,575 - database.connection - INFO - تم إنشاء مجموعة اتصالات قاعدة البيانات بنجاح
2025-12-20 16:25:36,597 - database.models - INFO - تم إنشاء جميع الجداول بنجاح
2025-12-20 16:25:36,619 - __main__ - INFO - تم تهيئة قاعدة البيانات بنجاح
2025-12-20 21:22:52,559 - database.connection - INFO - تم إنشاء مجموعة اتصالات قاعدة البيانات بنجاح
2025-12-20 21:22:52,580 - database.models - INFO - تم إنشاء جميع الجداول بنجاح
2025-12-20 21:22:52,607 - __main__ - INFO - تم تهيئة قاعدة البيانات بنجاح
2025-12-21 09:41:57,253 - database.connection - INFO - تم إنشاء مجموعة اتصالات قاعدة البيانات بنجاح
2025-12-21 09:41:57,289 - database.models - INFO - تم إنشاء جميع الجداول بنجاح
2025-12-21 09:41:57,331 - __main__ - INFO - تم تهيئة قاعدة البيانات بنجاح
2025-12-21 09:42:28,209 - modules.archive - INFO - تم النسخ الاحتياطي في: backups\backup_20251221_094228
2025-12-21 09:51:11,971 - database.connection - INFO - تم إنشاء مجموعة اتصالات قاعدة البيانات بنجاح
2025-12-21 09:51:11,974 - database.models - INFO - تم إنشاء جميع الجداول بنجاح
2025-12-21 09:51:11,981 - __main__ - INFO - تم تهيئة قاعدة البيانات بنجاح
2025-12-21 09:52:13,678 - modules.archive - INFO - تم النسخ الاحتياطي في: backups\backup_20251221_095213
2025-12-21 10:27:30,222 - database.connection - INFO - تم إنشاء مجموعة اتصالات قاعدة البيانات بنجاح
2025-12-21 10:27:30,256 - database.models - INFO - تم إنشاء جميع الجداول بنجاح
2025-12-21 10:27:30,297 - __main__ - INFO - تم تهيئة قاعدة البيانات بنجاح
2025-12-21 10:27:54,959 - ui.main_window - INFO - تم تحميل واجهة الزبائن بنجاح
2025-12-21 10:29:04,543 - modules.customers - INFO - تم إضافة زبون جديد: test
2025-12-21 10:29:36,771 - modules.customers - INFO - تم تحديث الزبون: test2
2025-12-21 10:30:11,103 - ui.main_window - INFO - تم تحميل واجهة الزبائن بنجاح
2025-12-21 10:30:37,096 - database.connection - INFO - تم إنشاء مجموعة اتصالات قاعدة البيانات بنجاح
2025-12-21 10:30:37,100 - database.models - INFO - تم إنشاء جميع الجداول بنجاح
2025-12-21 10:30:37,108 - __main__ - INFO - تم تهيئة قاعدة البيانات بنجاح
2025-12-21 10:30:49,704 - ui.main_window - INFO - تم تحميل واجهة الزبائن بنجاح
2025-12-21 10:31:40,482 - ui.main_window - INFO - تم تحميل واجهة الزبائن بنجاح
2025-12-21 10:31:44,743 - ui.main_window - INFO - تم تحميل واجهة الزبائن بنجاح
2025-12-21 13:12:59,109 - database.connection - INFO - تم إنشاء مجموعة اتصالات قاعدة البيانات بنجاح
2025-12-21 13:12:59,138 - database.models - INFO - تم إنشاء جميع الجداول بنجاح
2025-12-21 13:12:59,193 - __main__ - INFO - تم تهيئة قاعدة البيانات بنجاح
2025-12-21 13:13:20,731 - ui.main_window - INFO - تم تحميل واجهة الزبائن بنجاح
2025-12-21 13:13:23,682 - ui.main_window - INFO - تم تحميل واجهة الفواتير بنجاح
2025-12-21 20:47:09,102 - database.connection - INFO - تم إنشاء مجموعة اتصالات قاعدة البيانات بنجاح
2025-12-21 20:47:09,132 - database.models - INFO - تم إنشاء جميع الجداول بنجاح
2025-12-21 20:47:09,186 - __main__ - INFO - تم تهيئة قاعدة البيانات بنجاح
2025-12-21 20:47:24,809 - ui.main_window - INFO - تم تحميل واجهة الفواتير بنجاح
2025-12-21 21:13:05,589 - database.connection - INFO - تم إنشاء مجموعة اتصالات قاعدة البيانات بنجاح
2025-12-21 21:13:05,616 - database.models - INFO - تم إنشاء جميع الجداول بنجاح
2025-12-21 21:13:05,655 - __main__ - INFO - تم تهيئة قاعدة البيانات بنجاح
2025-12-21 21:13:42,494 - ui.main_window - INFO - تم تحميل واجهة الزبائن بنجاح
2025-12-21 21:13:45,461 - ui.main_window - INFO - تم تحميل واجهة الفواتير بنجاح
2025-12-21 21:13:48,164 - ui.main_window - INFO - تم تحميل واجهة التقارير بنجاح
2025-12-21 21:14:11,550 - ui.main_window - INFO - تم تحميل واجهة التقارير بنجاح
2025-12-21 21:14:13,600 - ui.main_window - INFO - تم تحميل واجهة الفواتير بنجاح
2025-12-21 21:14:15,095 - ui.main_window - INFO - تم تحميل واجهة التقارير بنجاح
2025-12-21 21:14:37,248 - ui.report_ui - ERROR - خطأ في عرض تقرير الزبائن: 'ReportUI' object has no attribute 'display_customer_report'
2025-12-21 21:14:47,431 - ui.report_ui - ERROR - خطأ في عرض تقرير المبيعات اليومية: unsupported format string passed to NoneType.__format__
2025-12-21 21:14:49,441 - ui.report_ui - ERROR - خطأ في عرض تقرير القطاعات: unsupported format string passed to NoneType.__format__
2025-12-21 21:16:16,742 - ui.main_window - INFO - تم تحميل واجهة التقارير بنجاح
2025-12-22 11:28:01,415 - database.connection - INFO - تم إنشاء مجموعة اتصالات قاعدة البيانات بنجاح
2025-12-22 11:28:01,444 - database.models - INFO - تم إنشاء جميع الجداول بنجاح
2025-12-22 11:28:01,484 - __main__ - INFO - تم تهيئة قاعدة البيانات بنجاح
2025-12-22 11:28:18,771 - ui.main_window - INFO - تم تحميل واجهة الزبائن بنجاح
2025-12-22 11:28:30,978 - ui.main_window - INFO - تم تحميل واجهة الفواتير بنجاح
2025-12-22 11:28:54,757 - ui.main_window - INFO - تم تحميل واجهة التقارير بنجاح
2025-12-22 11:29:32,441 - ui.main_window - INFO - تم تحميل واجهة الزبائن بنجاح
2025-12-22 11:29:37,860 - ui.main_window - INFO - تم تحميل واجهة الفواتير بنجاح
2025-12-22 11:29:46,820 - ui.main_window - INFO - تم تحميل واجهة التقارير بنجاح
2025-12-22 11:39:11,140 - database.connection - INFO - تم إنشاء مجموعة اتصالات قاعدة البيانات بنجاح
2025-12-22 11:39:11,160 - database.models - INFO - تم إنشاء جميع الجداول بنجاح
2025-12-22 11:39:11,192 - __main__ - INFO - تم تهيئة قاعدة البيانات بنجاح
2025-12-22 11:39:30,179 - ui.main_window - INFO - تم تحميل واجهة الزبائن بنجاح
2025-12-22 11:39:34,587 - ui.main_window - INFO - تم تحميل واجهة الفواتير بنجاح
2025-12-22 11:39:42,497 - ui.main_window - INFO - تم تحميل واجهة التقارير بنجاح
2025-12-22 11:54:01,418 - database.connection - INFO - تم إنشاء مجموعة اتصالات قاعدة البيانات بنجاح
2025-12-22 11:54:01,420 - database.models - INFO - تم إنشاء جميع الجداول بنجاح
2025-12-22 11:54:01,425 - __main__ - INFO - تم تهيئة قاعدة البيانات بنجاح
2025-12-22 11:54:25,086 - ui.main_window - INFO - تم تحميل واجهة الزبائن بنجاح
2025-12-22 11:54:43,847 - ui.main_window - INFO - تم تحميل واجهة الفواتير بنجاح
2025-12-22 11:54:57,763 - ui.main_window - INFO - تم تحميل واجهة التقارير بنجاح
2025-12-29 11:00:53,115 - database.connection - INFO - تم إنشاء مجموعة اتصالات قاعدة البيانات بنجاح
2025-12-29 11:00:53,143 - database.models - INFO - تم إنشاء جميع الجداول بنجاح
2025-12-29 11:00:53,220 - __main__ - INFO - تم تهيئة قاعدة البيانات بنجاح
2025-12-29 11:01:17,834 - ui.main_window - INFO - تم تحميل واجهة التقارير بنجاح
2025-12-29 11:01:22,532 - ui.invoice_ui - ERROR - خطأ في تحميل الفواتير: 'InvoiceManager' object has no attribute 'search_invoices'
2025-12-29 11:01:42,224 - ui.main_window - INFO - تم تحميل واجهة الفواتير بنجاح
2025-12-29 11:01:44,742 - ui.invoice_ui - ERROR - خطأ في تحميل الفواتير: 'InvoiceManager' object has no attribute 'search_invoices'
2025-12-29 11:02:20,252 - ui.main_window - INFO - تم تحميل واجهة الفواتير بنجاح
2025-12-29 11:02:25,980 - ui.main_window - INFO - تم تحميل واجهة الزبائن بنجاح
2025-12-29 11:02:28,740 - ui.invoice_ui - ERROR - خطأ في تحميل الفواتير: 'InvoiceManager' object has no attribute 'search_invoices'
2025-12-29 11:02:31,771 - ui.main_window - INFO - تم تحميل واجهة الفواتير بنجاح
2025-12-29 11:02:33,662 - ui.main_window - INFO - تم تحميل واجهة التقارير بنجاح
2025-12-29 11:28:32,751 - database.connection - INFO - تم إنشاء مجموعة اتصالات قاعدة البيانات بنجاح
2025-12-29 11:28:32,782 - database.models - INFO - تم إنشاء جميع الجداول بنجاح
2025-12-29 11:28:32,883 - __main__ - INFO - تم تهيئة قاعدة البيانات بنجاح
2025-12-29 11:33:59,821 - database.connection - INFO - تم إنشاء مجموعة اتصالات قاعدة البيانات بنجاح
2025-12-29 11:33:59,824 - database.models - INFO - تم إنشاء جميع الجداول بنجاح
2025-12-29 11:33:59,830 - __main__ - INFO - تم تهيئة قاعدة البيانات بنجاح
2025-12-29 11:37:43,939 - database.connection - INFO - تم إنشاء مجموعة اتصالات قاعدة البيانات بنجاح
2025-12-29 11:37:43,975 - database.models - INFO - تم إنشاء جميع الجداول بنجاح
2025-12-29 11:37:44,031 - __main__ - INFO - تم تهيئة قاعدة البيانات بنجاح
2025-12-29 11:37:59,849 - ui.main_window - INFO - تم تحميل واجهة الزبائن بنجاح
2025-12-29 11:38:01,956 - ui.invoice_ui - ERROR - خطأ في تحميل الفواتير: 'InvoiceManager' object has no attribute 'search_invoices'
2025-12-29 11:38:19,918 - ui.main_window - INFO - تم تحميل واجهة الفواتير بنجاح
2025-12-29 11:38:22,670 - ui.main_window - INFO - تم تحميل واجهة التقارير بنجاح
2025-12-29 12:02:16,602 - ui.invoice_ui - ERROR - خطأ في تحميل الفواتير: 'InvoiceManager' object has no attribute 'search_invoices'
2025-12-29 12:02:19,049 - ui.main_window - INFO - تم تحميل واجهة الفواتير بنجاح
